#
# There is insufficient memory for the Java Runtime Environment to continue.
# Native memory allocation (malloc) failed to allocate 1862800 bytes for Chunk::new
# Possible reasons:
#   The system is out of physical RAM or swap space
#   In 32 bit mode, the process size limit was hit
# Possible solutions:
#   Reduce memory load on the system
#   Increase physical memory or swap space
#   Check if swap backing store is full
#   Use 64 bit Java on a 64 bit OS
#   Decrease Java heap size (-Xmx/-Xms)
#   Decrease number of Java threads
#   Decrease Java thread stack sizes (-Xss)
#   Set larger code cache with -XX:ReservedCodeCacheSize=
# This output file may be truncated or incomplete.
#
#  Out of Memory Error (allocation.cpp:390), pid=1188, tid=15976
#
# JRE version: Java(TM) SE Runtime Environment (8.0_77-b03) (build 1.8.0_77-b03)
# Java VM: Java HotSpot(TM) 64-Bit Server VM (25.77-b03 mixed mode windows-amd64 compressed oops)
# Failed to write core dump. Minidumps are not enabled by default on client versions of Windows
#

---------------  T H R E A D  ---------------

Current thread (0x0000000016dbe000):  JavaThread "C2 CompilerThread0" daemon [_thread_in_native, id=15976, stack(0x0000000018500000,0x0000000018600000)]

Stack: [0x0000000018500000,0x0000000018600000]
[error occurred during error reporting (printing stack bounds), id 0xc0000005]

Native frames: (J=compiled Java code, j=interpreted, Vv=VM code, C=native code)


Current CompileTask:
C2:   3191 1434   !   4       java.net.URLClassLoader$1::run (63 bytes)


---------------  P R O C E S S  ---------------

Java Threads: ( => current thread )
  0x000000001a0ad800 JavaThread "Cache worker for file hash cache (C:\Users\vanny\OneDrive\Documents\Projects\centigrade\.gradle\4.6\fileHashes)" [_thread_blocked, id=3764, stack(0x000000001cb20000,0x000000001cc20000)]
  0x000000001a0a9000 JavaThread "File lock request listener" [_thread_in_native, id=12348, stack(0x000000001ca20000,0x000000001cb20000)]
  0x000000001a0a8000 JavaThread "Cache worker for file hash cache (C:\Users\vanny\.gradle\caches\4.6\fileHashes)" [_thread_blocked, id=14320, stack(0x000000001c720000,0x000000001c820000)]
  0x000000001a05e000 JavaThread "Stdin handler" [_thread_blocked, id=6192, stack(0x000000001b650000,0x000000001b750000)]
  0x000000001a05c000 JavaThread "Asynchronous log dispatcher for DefaultDaemonConnection: socket connection from /127.0.0.1:52885 to /127.0.0.1:52886" [_thread_blocked, id=9488, stack(0x000000001b550000,0x000000001b650000)]
  0x00000000197f9000 JavaThread "Daemon worker" [_thread_in_vm, id=5592, stack(0x000000001b450000,0x000000001b550000)]
  0x000000001a063000 JavaThread "Cancel handler" [_thread_blocked, id=15476, stack(0x000000001b350000,0x000000001b450000)]
  0x00000000197e2800 JavaThread "Handler for socket connection from /127.0.0.1:52885 to /127.0.0.1:52886" [_thread_in_native, id=2228, stack(0x000000001b050000,0x000000001b150000)]
  0x00000000197de800 JavaThread "Daemon" [_thread_blocked, id=7300, stack(0x000000001af50000,0x000000001b050000)]
  0x0000000019f9c800 JavaThread "Daemon periodic checks" [_thread_blocked, id=16188, stack(0x000000001ae50000,0x000000001af50000)]
  0x0000000019f8f800 JavaThread "Incoming local TCP Connector on port 52885" [_thread_in_native, id=10852, stack(0x000000001ac10000,0x000000001ad10000)]
  0x000000001985d000 JavaThread "Daemon health stats" [_thread_blocked, id=8000, stack(0x000000001a5d0000,0x000000001a6d0000)]
  0x0000000018830800 JavaThread "Service Thread" daemon [_thread_blocked, id=14788, stack(0x0000000018c00000,0x0000000018d00000)]
  0x0000000016dc4000 JavaThread "C1 CompilerThread2" daemon [_thread_in_native, id=2120, stack(0x0000000018700000,0x0000000018800000)]
  0x0000000016dc1000 JavaThread "C2 CompilerThread1" daemon [_thread_blocked, id=5420, stack(0x0000000018600000,0x0000000018700000)]
=>0x0000000016dbe000 JavaThread "C2 CompilerThread0" daemon [_thread_in_native, id=15976, stack(0x0000000018500000,0x0000000018600000)]
  0x0000000016dbc800 JavaThread "Attach Listener" daemon [_thread_blocked, id=7460, stack(0x0000000018400000,0x0000000018500000)]
  0x0000000016dbb800 JavaThread "Signal Dispatcher" daemon [_thread_blocked, id=12760, stack(0x0000000018300000,0x0000000018400000)]
  0x000000000461c000 JavaThread "Finalizer" daemon [_thread_blocked, id=3392, stack(0x0000000018010000,0x0000000018110000)]
  0x0000000016d89800 JavaThread "Reference Handler" daemon [_thread_blocked, id=15312, stack(0x0000000017f10000,0x0000000018010000)]
  0x00000000046ee000 JavaThread "main" [_thread_blocked, id=8656, stack(0x0000000004370000,0x0000000004470000)]

Other Threads:
  0x0000000016d88800 VMThread [stack: 0x0000000017e10000,0x0000000017f10000] [id=12320]
  0x000000001884d800 WatcherThread [stack: 0x0000000018d00000,0x0000000018e00000] [id=12424]

VM state:not at safepoint (normal execution)

VM Mutex/Monitor currently owned by a thread: None

Heap:
 PSYoungGen      total 70656K, used 7455K [0x00000000eab00000, 0x00000000f3500000, 0x0000000100000000)
  eden space 65536K, 3% used [0x00000000eab00000,0x00000000ead4ff88,0x00000000eeb00000)
  from space 5120K, 99% used [0x00000000eeb00000,0x00000000eeff8030,0x00000000ef000000)
  to   space 5120K, 0% used [0x00000000f3000000,0x00000000f3000000,0x00000000f3500000)
 ParOldGen       total 86016K, used 7039K [0x00000000c0000000, 0x00000000c5400000, 0x00000000eab00000)
  object space 86016K, 8% used [0x00000000c0000000,0x00000000c06dff90,0x00000000c5400000)
 Metaspace       used 18862K, capacity 19210K, committed 19584K, reserved 1067008K
  class space    used 2714K, capacity 2855K, committed 2944K, reserved 1048576K

Card table byte_map: [0x0000000013ab0000,0x0000000013cc0000] byte_map_base: 0x00000000134b0000

Marking Bits: (ParMarkBitMap*) 0x00000000607f0600
 Begin Bits: [0x0000000014220000, 0x0000000015220000)
 End Bits:   [0x0000000015220000, 0x0000000016220000)

Polling page: 0x0000000002b70000

CodeCache: size=245760Kb used=5441Kb max_used=5441Kb free=240318Kb
 bounds [0x00000000046f0000, 0x0000000004c50000, 0x00000000136f0000]
 total_blobs=1991 nmethods=1608 adapters=295
 compilation: enabled

Compilation events (10 events):
Event: 3.141 Thread 0x0000000016dc1000 1575       4       java.lang.ref.SoftReference::get (29 bytes)
Event: 3.142 Thread 0x0000000016dc1000 nmethod 1575 0x0000000004c37390 code [0x0000000004c374c0, 0x0000000004c37558]
Event: 3.142 Thread 0x0000000016dc1000 1545       4       java.io.DataInputStream::readInt (72 bytes)
Event: 3.170 Thread 0x0000000016dc1000 nmethod 1545 0x0000000004c37ed0 code [0x0000000004c380e0, 0x0000000004c396b0]
Event: 3.173 Thread 0x0000000016dc1000 1600   !   4       java.util.zip.ZipFile$ZipFileInflaterInputStream::close (67 bytes)
Event: 3.182 Thread 0x0000000016dc4000 1601       3       sun.reflect.ConstructorAccessorImpl::<init> (5 bytes)
Event: 3.182 Thread 0x0000000016dc4000 nmethod 1601 0x0000000004c37a90 code [0x0000000004c37c00, 0x0000000004c37e10]
Event: 3.182 Thread 0x0000000016dc4000 1602       3       java.lang.reflect.Constructor::newInstance (87 bytes)
Event: 3.183 Thread 0x0000000016dc4000 nmethod 1602 0x0000000004c36210 code [0x0000000004c36400, 0x0000000004c36b28]
Event: 3.187 Thread 0x0000000016dc1000 nmethod 1600 0x0000000004c42f90 code [0x0000000004c43160, 0x0000000004c440a0]

GC Heap History (6 events):
Event: 0.734 GC heap before
{Heap before GC invocations=1 (full 0):
 PSYoungGen      total 37888K, used 32768K [0x00000000eab00000, 0x00000000ed500000, 0x0000000100000000)
  eden space 32768K, 100% used [0x00000000eab00000,0x00000000ecb00000,0x00000000ecb00000)
  from space 5120K, 0% used [0x00000000ed000000,0x00000000ed000000,0x00000000ed500000)
  to   space 5120K, 0% used [0x00000000ecb00000,0x00000000ecb00000,0x00000000ed000000)
 ParOldGen       total 86016K, used 0K [0x00000000c0000000, 0x00000000c5400000, 0x00000000eab00000)
  object space 86016K, 0% used [0x00000000c0000000,0x00000000c0000000,0x00000000c5400000)
 Metaspace       used 6580K, capacity 6766K, committed 7040K, reserved 1056768K
  class space    used 819K, capacity 875K, committed 896K, reserved 1048576K
Event: 0.743 GC heap after
Heap after GC invocations=1 (full 0):
 PSYoungGen      total 37888K, used 4561K [0x00000000eab00000, 0x00000000ef500000, 0x0000000100000000)
  eden space 32768K, 0% used [0x00000000eab00000,0x00000000eab00000,0x00000000ecb00000)
  from space 5120K, 89% used [0x00000000ecb00000,0x00000000ecf74570,0x00000000ed000000)
  to   space 5120K, 0% used [0x00000000ef000000,0x00000000ef000000,0x00000000ef500000)
 ParOldGen       total 86016K, used 8K [0x00000000c0000000, 0x00000000c5400000, 0x00000000eab00000)
  object space 86016K, 0% used [0x00000000c0000000,0x00000000c0002000,0x00000000c5400000)
 Metaspace       used 6580K, capacity 6766K, committed 7040K, reserved 1056768K
  class space    used 819K, capacity 875K, committed 896K, reserved 1048576K
}
Event: 1.815 GC heap before
{Heap before GC invocations=2 (full 0):
 PSYoungGen      total 37888K, used 37329K [0x00000000eab00000, 0x00000000ef500000, 0x0000000100000000)
  eden space 32768K, 100% used [0x00000000eab00000,0x00000000ecb00000,0x00000000ecb00000)
  from space 5120K, 89% used [0x00000000ecb00000,0x00000000ecf74570,0x00000000ed000000)
  to   space 5120K, 0% used [0x00000000ef000000,0x00000000ef000000,0x00000000ef500000)
 ParOldGen       total 86016K, used 8K [0x00000000c0000000, 0x00000000c5400000, 0x00000000eab00000)
  object space 86016K, 0% used [0x00000000c0000000,0x00000000c0002000,0x00000000c5400000)
 Metaspace       used 12159K, capacity 12456K, committed 12544K, reserved 1060864K
  class space    used 1653K, capacity 1760K, committed 1792K, reserved 1048576K
Event: 1.824 GC heap after
Heap after GC invocations=2 (full 0):
 PSYoungGen      total 70656K, used 5118K [0x00000000eab00000, 0x00000000ef500000, 0x0000000100000000)
  eden space 65536K, 0% used [0x00000000eab00000,0x00000000eab00000,0x00000000eeb00000)
  from space 5120K, 99% used [0x00000000ef000000,0x00000000ef4ff818,0x00000000ef500000)
  to   space 5120K, 0% used [0x00000000eeb00000,0x00000000eeb00000,0x00000000ef000000)
 ParOldGen       total 86016K, used 635K [0x00000000c0000000, 0x00000000c5400000, 0x00000000eab00000)
  object space 86016K, 0% used [0x00000000c0000000,0x00000000c009ec48,0x00000000c5400000)
 Metaspace       used 12159K, capacity 12456K, committed 12544K, reserved 1060864K
  class space    used 1653K, capacity 1760K, committed 1792K, reserved 1048576K
}
Event: 3.156 GC heap before
{Heap before GC invocations=3 (full 0):
 PSYoungGen      total 70656K, used 70654K [0x00000000eab00000, 0x00000000ef500000, 0x0000000100000000)
  eden space 65536K, 100% used [0x00000000eab00000,0x00000000eeb00000,0x00000000eeb00000)
  from space 5120K, 99% used [0x00000000ef000000,0x00000000ef4ff818,0x00000000ef500000)
  to   space 5120K, 0% used [0x00000000eeb00000,0x00000000eeb00000,0x00000000ef000000)
 ParOldGen       total 86016K, used 635K [0x00000000c0000000, 0x00000000c5400000, 0x00000000eab00000)
  object space 86016K, 0% used [0x00000000c0000000,0x00000000c009ec48,0x00000000c5400000)
 Metaspace       used 18527K, capacity 18922K, committed 19328K, reserved 1064960K
  class space    used 2683K, capacity 2823K, committed 2944K, reserved 1048576K
Event: 3.170 GC heap after
Heap after GC invocations=3 (full 0):
 PSYoungGen      total 70656K, used 5088K [0x00000000eab00000, 0x00000000f3500000, 0x0000000100000000)
  eden space 65536K, 0% used [0x00000000eab00000,0x00000000eab00000,0x00000000eeb00000)
  from space 5120K, 99% used [0x00000000eeb00000,0x00000000eeff8030,0x00000000ef000000)
  to   space 5120K, 0% used [0x00000000f3000000,0x00000000f3000000,0x00000000f3500000)
 ParOldGen       total 86016K, used 7039K [0x00000000c0000000, 0x00000000c5400000, 0x00000000eab00000)
  object space 86016K, 8% used [0x00000000c0000000,0x00000000c06dff90,0x00000000c5400000)
 Metaspace       used 18527K, capacity 18922K, committed 19328K, reserved 1064960K
  class space    used 2683K, capacity 2823K, committed 2944K, reserved 1048576K
}

Deoptimization events (10 events):
Event: 1.673 Thread 0x00000000197e2800 Uncommon trap: reason=unstable_if action=reinterpret pc=0x0000000004ae2cb0 method=java.util.concurrent.ConcurrentHashMap.putVal(Ljava/lang/Object;Ljava/lang/Object;Z)Ljava/lang/Object; @ 206
Event: 1.777 Thread 0x00000000197f9000 Uncommon trap: reason=bimorphic action=maybe_recompile pc=0x0000000004a0e394 method=java.util.HashMap.putVal(ILjava/lang/Object;Ljava/lang/Object;ZZ)Ljava/lang/Object; @ 253
Event: 1.777 Thread 0x00000000197f9000 Uncommon trap: reason=bimorphic action=maybe_recompile pc=0x0000000004a0e394 method=java.util.HashMap.putVal(ILjava/lang/Object;Ljava/lang/Object;ZZ)Ljava/lang/Object; @ 253
Event: 1.777 Thread 0x00000000197f9000 Uncommon trap: reason=bimorphic action=maybe_recompile pc=0x0000000004a13de4 method=java.util.HashMap.putVal(ILjava/lang/Object;Ljava/lang/Object;ZZ)Ljava/lang/Object; @ 253
Event: 2.023 Thread 0x00000000197f9000 Uncommon trap: reason=class_check action=maybe_recompile pc=0x00000000049527dc method=java.util.regex.Matcher.match(II)Z @ 86
Event: 2.023 Thread 0x00000000197f9000 Uncommon trap: reason=class_check action=maybe_recompile pc=0x00000000049527dc method=java.util.regex.Matcher.match(II)Z @ 86
Event: 2.303 Thread 0x00000000197f9000 Uncommon trap: reason=unstable_if action=reinterpret pc=0x000000000496f31c method=java.io.WinNTFileSystem.resolve(Ljava/lang/String;Ljava/lang/String;)Ljava/lang/String; @ 117
Event: 2.880 Thread 0x00000000197f9000 Uncommon trap: reason=unstable_if action=reinterpret pc=0x000000000484fdc8 method=java.net.URI.match(CJJ)Z @ 19
Event: 2.880 Thread 0x00000000197f9000 Uncommon trap: reason=unstable_if action=reinterpret pc=0x0000000004987e48 method=java.net.URI.match(CJJ)Z @ 19
Event: 2.931 Thread 0x00000000197f9000 Uncommon trap: reason=unstable_if action=reinterpret pc=0x00000000049870ac method=java.io.File.getName()Ljava/lang/String; @ 16

Internal exceptions (10 events):
Event: 1.706 Thread 0x00000000197e2800 Exception <a 'java/lang/NoSuchMethodError': <clinit>> (0x00000000ec74b6d8) thrown at [D:\re\workspace\8-2-build-windows-amd64-cygwin\jdk8u77\6540\hotspot\src\share\vm\prims\jni.cpp, line 1591]
Event: 1.708 Thread 0x00000000197e2800 Exception <a 'java/lang/NoSuchMethodError': <clinit>> (0x00000000ec758e60) thrown at [D:\re\workspace\8-2-build-windows-amd64-cygwin\jdk8u77\6540\hotspot\src\share\vm\prims\jni.cpp, line 1591]
Event: 1.709 Thread 0x00000000197e2800 Exception <a 'java/lang/NoSuchMethodError': <clinit>> (0x00000000ec764138) thrown at [D:\re\workspace\8-2-build-windows-amd64-cygwin\jdk8u77\6540\hotspot\src\share\vm\prims\jni.cpp, line 1591]
Event: 1.716 Thread 0x00000000197e2800 Exception <a 'java/lang/NoSuchMethodError': <clinit>> (0x00000000ec788b18) thrown at [D:\re\workspace\8-2-build-windows-amd64-cygwin\jdk8u77\6540\hotspot\src\share\vm\prims\jni.cpp, line 1591]
Event: 1.764 Thread 0x00000000197f9000 Exception <a 'java/lang/NoSuchMethodError': <clinit>> (0x00000000ec8a75f8) thrown at [D:\re\workspace\8-2-build-windows-amd64-cygwin\jdk8u77\6540\hotspot\src\share\vm\prims\jni.cpp, line 1591]
Event: 1.764 Thread 0x00000000197f9000 Exception <a 'java/lang/NoSuchMethodError': <clinit>> (0x00000000ec8afab0) thrown at [D:\re\workspace\8-2-build-windows-amd64-cygwin\jdk8u77\6540\hotspot\src\share\vm\prims\jni.cpp, line 1591]
Event: 2.957 Thread 0x00000000197f9000 Exception <a 'java/lang/NoSuchMethodError': <clinit>> (0x00000000eddaadd0) thrown at [D:\re\workspace\8-2-build-windows-amd64-cygwin\jdk8u77\6540\hotspot\src\share\vm\prims\jni.cpp, line 1591]
Event: 2.957 Thread 0x00000000197f9000 Exception <a 'java/lang/NoSuchMethodError': <clinit>> (0x00000000eddad770) thrown at [D:\re\workspace\8-2-build-windows-amd64-cygwin\jdk8u77\6540\hotspot\src\share\vm\prims\jni.cpp, line 1591]
Event: 2.959 Thread 0x00000000197f9000 Exception <a 'java/lang/NoSuchMethodError': <clinit>> (0x00000000eddbad78) thrown at [D:\re\workspace\8-2-build-windows-amd64-cygwin\jdk8u77\6540\hotspot\src\share\vm\prims\jni.cpp, line 1591]
Event: 2.960 Thread 0x00000000197f9000 Exception <a 'java/lang/NoSuchMethodError': <clinit>> (0x00000000eddc64f8) thrown at [D:\re\workspace\8-2-build-windows-amd64-cygwin\jdk8u77\6540\hotspot\src\share\vm\prims\jni.cpp, line 1591]

Events (10 events):
Event: 3.187 loading class org/codehaus/groovy/ast/expr/ConstantExpression
Event: 3.187 loading class org/codehaus/groovy/ast/expr/ConstantExpression done
Event: 3.187 loading class org/codehaus/groovy/ast/stmt/Statement
Event: 3.187 loading class org/codehaus/groovy/ast/stmt/Statement done
Event: 3.188 loading class org/codehaus/groovy/ast/stmt/ReturnStatement
Event: 3.188 loading class org/codehaus/groovy/ast/stmt/ReturnStatement done
Event: 3.188 loading class org/codehaus/groovy/vmplugin/v5/PluginDefaultGroovyMethods
Event: 3.188 loading class org/codehaus/groovy/vmplugin/v5/PluginDefaultGroovyMethods done
Event: 3.188 loading class org/codehaus/groovy/vmplugin/v7/Java7$1
Event: 3.188 loading class org/codehaus/groovy/vmplugin/v7/Java7$1 done


Dynamic libraries:
0x00007ff747a80000 - 0x00007ff747ab7000 	C:\Program Files\Java\jdk1.8.0_77\bin\java.exe
0x00007ffb59f70000 - 0x00007ffb5a150000 	C:\WINDOWS\SYSTEM32\ntdll.dll
0x00007ffb59510000 - 0x00007ffb595be000 	C:\WINDOWS\System32\KERNEL32.DLL
0x00007ffb56ed0000 - 0x00007ffb57136000 	C:\WINDOWS\System32\KERNELBASE.dll
0x00007ffb58b30000 - 0x00007ffb58bd1000 	C:\WINDOWS\System32\ADVAPI32.dll
0x00007ffb595c0000 - 0x00007ffb5965d000 	C:\WINDOWS\System32\msvcrt.dll
0x00007ffb59e80000 - 0x00007ffb59edb000 	C:\WINDOWS\System32\sechost.dll
0x00007ffb59ce0000 - 0x00007ffb59dff000 	C:\WINDOWS\System32\RPCRT4.dll
0x00007ffb59060000 - 0x00007ffb591ef000 	C:\WINDOWS\System32\USER32.dll
0x00007ffb572a0000 - 0x00007ffb572c0000 	C:\WINDOWS\System32\win32u.dll
0x00007ffb59ee0000 - 0x00007ffb59f08000 	C:\WINDOWS\System32\GDI32.dll
0x00007ffb56370000 - 0x00007ffb56503000 	C:\WINDOWS\System32\gdi32full.dll
0x00007ffb56510000 - 0x00007ffb565ab000 	C:\WINDOWS\System32\msvcp_win.dll
0x00007ffb57340000 - 0x00007ffb57436000 	C:\WINDOWS\System32\ucrtbase.dll
0x00007ffb47a00000 - 0x00007ffb47c69000 	C:\WINDOWS\WinSxS\amd64_microsoft.windows.common-controls_6595b64144ccf1df_6.0.16299.371_none_15c7d1789365a290\COMCTL32.dll
0x00007ffb58d50000 - 0x00007ffb59058000 	C:\WINDOWS\System32\combase.dll
0x00007ffb572c0000 - 0x00007ffb57332000 	C:\WINDOWS\System32\bcryptPrimitives.dll
0x00007ffb59f10000 - 0x00007ffb59f3d000 	C:\WINDOWS\System32\IMM32.DLL
0x0000000060870000 - 0x0000000060942000 	C:\Program Files\Java\jdk1.8.0_77\jre\bin\msvcr100.dll
0x000000005ffe0000 - 0x0000000060870000 	C:\Program Files\Java\jdk1.8.0_77\jre\bin\server\jvm.dll
0x00007ffb59b60000 - 0x00007ffb59b68000 	C:\WINDOWS\System32\PSAPI.DLL
0x00007ffb49390000 - 0x00007ffb4939a000 	C:\WINDOWS\SYSTEM32\VERSION.dll
0x00007ffb48800000 - 0x00007ffb48809000 	C:\WINDOWS\SYSTEM32\WSOCK32.dll
0x00007ffb52c20000 - 0x00007ffb52c43000 	C:\WINDOWS\SYSTEM32\WINMM.dll
0x00007ffb59430000 - 0x00007ffb5949c000 	C:\WINDOWS\System32\WS2_32.dll
0x00007ffb52bf0000 - 0x00007ffb52c1a000 	C:\WINDOWS\SYSTEM32\WINMMBASE.dll
0x00007ffb57250000 - 0x00007ffb5729a000 	C:\WINDOWS\System32\cfgmgr32.dll
0x0000000061250000 - 0x000000006125f000 	C:\Program Files\Java\jdk1.8.0_77\jre\bin\verify.dll
0x000000005ffb0000 - 0x000000005ffd9000 	C:\Program Files\Java\jdk1.8.0_77\jre\bin\java.dll
0x0000000061230000 - 0x0000000061246000 	C:\Program Files\Java\jdk1.8.0_77\jre\bin\zip.dll
0x00007ffb57450000 - 0x00007ffb58886000 	C:\WINDOWS\System32\SHELL32.dll
0x00007ffb59ab0000 - 0x00007ffb59b56000 	C:\WINDOWS\System32\shcore.dll
0x00007ffb565b0000 - 0x00007ffb56cf7000 	C:\WINDOWS\System32\windows.storage.dll
0x00007ffb58890000 - 0x00007ffb588e1000 	C:\WINDOWS\System32\shlwapi.dll
0x00007ffb56350000 - 0x00007ffb56361000 	C:\WINDOWS\System32\kernel.appcore.dll
0x00007ffb562e0000 - 0x00007ffb5632c000 	C:\WINDOWS\System32\powrprof.dll
0x00007ffb562c0000 - 0x00007ffb562db000 	C:\WINDOWS\System32\profapi.dll
0x000000005ff90000 - 0x000000005ffaa000 	C:\Program Files\Java\jdk1.8.0_77\jre\bin\net.dll
0x00007ffb55b50000 - 0x00007ffb55bb6000 	C:\WINDOWS\system32\mswsock.dll
0x000000005ff70000 - 0x000000005ff81000 	C:\Program Files\Java\jdk1.8.0_77\jre\bin\nio.dll
0x00007ffb4beb0000 - 0x00007ffb4bece000 	C:\Users\vanny\.gradle\native\25\windows-amd64\native-platform.dll
0x000000005ff60000 - 0x000000005ff6d000 	C:\Program Files\Java\jdk1.8.0_77\jre\bin\management.dll
0x00007ffb55d10000 - 0x00007ffb55d27000 	C:\WINDOWS\SYSTEM32\CRYPTSP.dll
0x00007ffb55750000 - 0x00007ffb55783000 	C:\WINDOWS\system32\rsaenh.dll
0x00007ffb55e20000 - 0x00007ffb55e45000 	C:\WINDOWS\SYSTEM32\bcrypt.dll
0x00007ffb561c0000 - 0x00007ffb561e9000 	C:\WINDOWS\SYSTEM32\USERENV.dll
0x00007ffb55d30000 - 0x00007ffb55d3b000 	C:\WINDOWS\SYSTEM32\CRYPTBASE.dll
0x00007ffb558e0000 - 0x00007ffb55919000 	C:\WINDOWS\SYSTEM32\IPHLPAPI.DLL
0x00007ffb594a0000 - 0x00007ffb594a8000 	C:\WINDOWS\System32\NSI.dll
0x00007ffb50580000 - 0x00007ffb50596000 	C:\WINDOWS\SYSTEM32\dhcpcsvc6.DLL
0x00007ffb504e0000 - 0x00007ffb504fa000 	C:\WINDOWS\SYSTEM32\dhcpcsvc.DLL

VM Arguments:
jvm_args: -XX:+HeapDumpOnOutOfMemoryError -Xmx1024m -Dfile.encoding=windows-1252 -Duser.country=US -Duser.language=en -Duser.variant 
java_command: org.gradle.launcher.daemon.bootstrap.GradleDaemon 4.6
java_class_path (initial): C:\Gradle\gradle-4.6\lib\gradle-launcher-4.6.jar
Launcher Type: SUN_STANDARD

Environment Variables:
JAVA_HOME=C:\Program Files\Java\jdk1.8.0_77
PATH=C:\Windows\system32;C:\Windows;C:\Windows\System32\Wbem;C:\Windows\System32\WindowsPowerShell\v1.0\;C:\Program Files (x86)\NVIDIA Corporation\PhysX\Common;C:\WINDOWS\system32;C:\WINDOWS;C:\WINDOWS\System32\Wbem;C:\WINDOWS\System32\WindowsPowerShell\v1.0\;C:\Program Files (x86)\PharosSystems\Core;C:\Program Files (x86)\PuTTY\;C:\Program Files\MiKTeX 2.9\miktex\bin\x64\;C:\Users\vanny\AppData\Local\Programs\Python\Python36-32;C:\Users\vanny\AppData\Local\Programs\Python;C:\Program Files\Intel\WiFi\bin\;C:\Program Files\Common Files\Intel\WirelessCommon\;C:\Program Files\Microsoft SQL Server\130\Tools\Binn\;C:\Program Files (x86)\SMLNJ\bin\;C:\Program Files\nodejs\;C:\Program Files (x86)\Brackets\command;C:\Program Files\Microsoft SQL Server\Client SDK\ODBC\130\Tools\Binn\;C:\Program Files (x86)\Microsoft SQL Server\140\Tools\Binn\;C:\Program Files\Microsoft SQL Server\140\Tools\Binn\;C:\Program Files\Microsoft SQL Server\140\DTS\Binn\;C:\Program Files\Java\jdk1.8.0_77\bin;C:\Users\vanny\AppData\Local\Programs\Python\Python36-32\Scripts;C:\Program Files (x86)\SSH Communications Security\SSH Secure Shell;C:\Users\vanny\AppData\Local\Microsoft\WindowsApps;C:\Program Files\Intel\WiFi\bin\;C:\Program Files\Common Files\Intel\WirelessCommon\;C:\Users\vanny\AppData\Roaming\npm;C:\Program Files\Microsoft VS Code\bin;C:\Gradle\gradle-4.6\bin;
USERNAME=vanny
OS=Windows_NT
PROCESSOR_IDENTIFIER=Intel64 Family 6 Model 78 Stepping 3, GenuineIntel



---------------  S Y S T E M  ---------------

OS: Windows 10.0 , 64 bit Build 16299 (10.0.16299.15)

CPU:total 4 (2 cores per cpu, 2 threads per core) family 6 model 78 stepping 3, cmov, cx8, fxsr, mmx, sse, sse2, sse3, ssse3, sse4.1, sse4.2, popcnt, avx, avx2, aes, clmul, erms, 3dnowpref, lzcnt, ht, tsc, tscinvbit, bmi1, bmi2, adx

Memory: 4k page, physical 8177720k(1895448k free), swap 9226296k(6092k free)

vm_info: Java HotSpot(TM) 64-Bit Server VM (25.77-b03) for windows-amd64 JRE (1.8.0_77-b03), built on Mar 20 2016 22:01:33 by "java_re" with MS VC++ 10.0 (VS2010)

time: Wed May 09 04:12:34 2018
elapsed time: 3 seconds (0d 0h 0m 3s)

